[16-May-2020 18:42:27 UTC] PHP Parse error:  syntax error, unexpected '}', expecting ',' or ';' in /Users/richardmachado/Local Sites/fake-university/app/public/wp-content/themes/fakeuniversitytheme/index.php on line 4
[16-May-2020 19:22:58 UTC] PHP Parse error:  syntax error, unexpected '}' in /Users/richardmachado/Local Sites/fake-university/app/public/wp-content/themes/fakeuniversitytheme/index.php on line 9
[16-May-2020 21:39:28 UTC] PHP Fatal error:  Uncaught Error: Call to undefined function wp_header() in /Users/richardmachado/Local Sites/fake-university/app/public/wp-content/themes/fakeuniversitytheme/header.php:4
Stack trace:
#0 /Users/richardmachado/Local Sites/fake-university/app/public/wp-includes/template.php(723): require_once()
#1 /Users/richardmachado/Local Sites/fake-university/app/public/wp-includes/template.php(672): load_template('/Users/richardm...', true)
#2 /Users/richardmachado/Local Sites/fake-university/app/public/wp-includes/general-template.php(41): locate_template(Array, true)
#3 /Users/richardmachado/Local Sites/fake-university/app/public/wp-content/themes/fakeuniversitytheme/index.php(1): get_header()
#4 /Users/richardmachado/Local Sites/fake-university/app/public/wp-includes/template-loader.php(106): include('/Users/richardm...')
#5 /Users/richardmachado/Local Sites/fake-university/app/public/wp-blog-header.php(19): require_once('/Users/richardm...')
#6 /Users/richardmachado/Local Sites/fake-university/app/public/index.php(17):  in /Users/richardmachado/Local Sites/fake-university/app/public/wp-content/themes/fakeuniversitytheme/header.php on line 4
[16-May-2020 22:10:37 UTC] PHP Parse error:  syntax error, unexpected '<', expecting end of file in /Users/richardmachado/Local Sites/fake-university/app/public/wp-content/themes/fakeuniversitytheme/index.php on line 3
[16-May-2020 23:13:12 UTC] PHP Parse error:  syntax error, unexpected '}' in /Users/richardmachado/Local Sites/fake-university/app/public/wp-content/themes/fakeuniversitytheme/functions.php on line 14
[16-May-2020 23:33:53 UTC] PHP Parse error:  syntax error, unexpected '}', expecting ',' or ';' in /Users/richardmachado/Local Sites/fake-university/app/public/wp-content/themes/fakeuniversitytheme/page.php on line 21
[16-May-2020 23:36:54 UTC] PHP Parse error:  syntax error, unexpected '}', expecting end of file in /Users/richardmachado/Local Sites/fake-university/app/public/wp-content/themes/fakeuniversitytheme/page.php on line 42
[16-May-2020 23:38:33 UTC] PHP Fatal error:  Uncaught ArgumentCountError: Too few arguments to function wp_get_post_parent_id(), 0 passed in /Users/richardmachado/Local Sites/fake-university/app/public/wp-content/themes/fakeuniversitytheme/page.php on line 19 and exactly 1 expected in /Users/richardmachado/Local Sites/fake-university/app/public/wp-includes/post.php:6876
Stack trace:
#0 /Users/richardmachado/Local Sites/fake-university/app/public/wp-content/themes/fakeuniversitytheme/page.php(19): wp_get_post_parent_id()
#1 /Users/richardmachado/Local Sites/fake-university/app/public/wp-includes/template-loader.php(106): include('/Users/richardm...')
#2 /Users/richardmachado/Local Sites/fake-university/app/public/wp-blog-header.php(19): require_once('/Users/richardm...')
#3 /Users/richardmachado/Local Sites/fake-university/app/public/index.php(17): require('/Users/richardm...')
#4 {main}
  thrown in /Users/richardmachado/Local Sites/fake-university/app/public/wp-includes/post.php on line 6876
[16-May-2020 23:49:51 UTC] PHP Parse error:  syntax error, unexpected end of file in /Users/richardmachado/Local Sites/fake-university/app/public/wp-content/themes/fakeuniversitytheme/page.php on line 48
[17-May-2020 15:11:24 UTC] PHP Parse error:  syntax error, unexpected '}' in /Users/richardmachado/Local Sites/fake-university/app/public/wp-content/themes/fakeuniversitytheme/page.php on line 50
